TERM environment variable not set.
npm error code ENOENT
npm error syscall open
npm error path /Users/tonper/package.json
npm error errno -2
npm error enoent Could not read package.json: Error: ENOENT: no such file or directory, open '/Users/tonper/package.json'
npm error enoent This is related to npm not being able to find a file.
npm error enoent

npm error A complete log of this run can be found in: /Users/tonper/.npm/_logs/2024-05-19T04_00_01_679Z-debug-0.log
npm error code ENOENT
npm error syscall open
npm error path /Users/tonper/package.json
npm error errno -2
npm error enoent Could not read package.json: Error: ENOENT: no such file or directory, open '/Users/tonper/package.json'
npm error enoent This is related to npm not being able to find a file.
npm error enoent

npm error A complete log of this run can be found in: /Users/tonper/.npm/_logs/2024-05-19T04_00_02_135Z-debug-0.log
npm error code ENOENT
npm error syscall open
npm error path /Users/tonper/package.json
npm error errno -2
npm error enoent Could not read package.json: Error: ENOENT: no such file or directory, open '/Users/tonper/package.json'
npm error enoent This is related to npm not being able to find a file.
npm error enoent

npm error A complete log of this run can be found in: /Users/tonper/.npm/_logs/2024-05-19T04_00_02_516Z-debug-0.log
npm error code ENOENT
npm error syscall open
npm error path /Users/tonper/package.json
npm error errno -2
npm error enoent Could not read package.json: Error: ENOENT: no such file or directory, open '/Users/tonper/package.json'
npm error enoent This is related to npm not being able to find a file.
npm error enoent

npm error A complete log of this run can be found in: /Users/tonper/.npm/_logs/2024-05-19T04_00_02_893Z-debug-0.log
npm error code ENOENT
npm error syscall open
npm error path /Users/tonper/package.json
npm error errno -2
npm error enoent Could not read package.json: Error: ENOENT: no such file or directory, open '/Users/tonper/package.json'
npm error enoent This is related to npm not being able to find a file.
npm error enoent

npm error A complete log of this run can be found in: /Users/tonper/.npm/_logs/2024-05-19T04_00_03_278Z-debug-0.log
npm error code ENOENT
npm error syscall open
npm error path /Users/tonper/package.json
npm error errno -2
npm error enoent Could not read package.json: Error: ENOENT: no such file or directory, open '/Users/tonper/package.json'
npm error enoent This is related to npm not being able to find a file.
npm error enoent

npm error A complete log of this run can be found in: /Users/tonper/.npm/_logs/2024-05-19T04_00_03_659Z-debug-0.log
npm error code ENOENT
npm error syscall open
npm error path /Users/tonper/package.json
npm error errno -2
npm error enoent Could not read package.json: Error: ENOENT: no such file or directory, open '/Users/tonper/package.json'
npm error enoent This is related to npm not being able to find a file.
npm error enoent

npm error A complete log of this run can be found in: /Users/tonper/.npm/_logs/2024-05-19T04_00_04_039Z-debug-0.log
npm error code ENOENT
npm error syscall open
npm error path /Users/tonper/package.json
npm error errno -2
npm error enoent Could not read package.json: Error: ENOENT: no such file or directory, open '/Users/tonper/package.json'
npm error enoent This is related to npm not being able to find a file.
npm error enoent

npm error A complete log of this run can be found in: /Users/tonper/.npm/_logs/2024-05-19T04_00_04_420Z-debug-0.log
npm error code ENOENT
npm error syscall open
npm error path /Users/tonper/package.json
npm error errno -2
npm error enoent Could not read package.json: Error: ENOENT: no such file or directory, open '/Users/tonper/package.json'
npm error enoent This is related to npm not being able to find a file.
npm error enoent

npm error A complete log of this run can be found in: /Users/tonper/.npm/_logs/2024-05-19T04_00_04_805Z-debug-0.log
npm error code ENOENT
npm error syscall open
npm error path /Users/tonper/package.json
npm error errno -2
npm error enoent Could not read package.json: Error: ENOENT: no such file or directory, open '/Users/tonper/package.json'
npm error enoent This is related to npm not being able to find a file.
npm error enoent

npm error A complete log of this run can be found in: /Users/tonper/.npm/_logs/2024-05-19T04_00_05_183Z-debug-0.log
npm error code ENOENT
npm error syscall open
npm error path /Users/tonper/package.json
npm error errno -2
npm error enoent Could not read package.json: Error: ENOENT: no such file or directory, open '/Users/tonper/package.json'
npm error enoent This is related to npm not being able to find a file.
npm error enoent

npm error A complete log of this run can be found in: /Users/tonper/.npm/_logs/2024-05-19T04_00_05_558Z-debug-0.log
npm error code ENOENT
npm error syscall open
npm error path /Users/tonper/package.json
npm error errno -2
npm error enoent Could not read package.json: Error: ENOENT: no such file or directory, open '/Users/tonper/package.json'
npm error enoent This is related to npm not being able to find a file.
npm error enoent

npm error A complete log of this run can be found in: /Users/tonper/.npm/_logs/2024-05-19T04_00_05_936Z-debug-0.log
npm error code ENOENT
npm error syscall open
npm error path /Users/tonper/package.json
npm error errno -2
npm error enoent Could not read package.json: Error: ENOENT: no such file or directory, open '/Users/tonper/package.json'
npm error enoent This is related to npm not being able to find a file.
npm error enoent

npm error A complete log of this run can be found in: /Users/tonper/.npm/_logs/2024-05-19T04_00_06_313Z-debug-0.log
npm error code ENOENT
npm error syscall open
npm error path /Users/tonper/package.json
npm error errno -2
npm error enoent Could not read package.json: Error: ENOENT: no such file or directory, open '/Users/tonper/package.json'
npm error enoent This is related to npm not being able to find a file.
npm error enoent

npm error A complete log of this run can be found in: /Users/tonper/.npm/_logs/2024-05-19T04_00_06_688Z-debug-0.log
npm error code ENOENT
npm error syscall open
npm error path /Users/tonper/package.json
npm error errno -2
npm error enoent Could not read package.json: Error: ENOENT: no such file or directory, open '/Users/tonper/package.json'
npm error enoent This is related to npm not being able to find a file.
npm error enoent

npm error A complete log of this run can be found in: /Users/tonper/.npm/_logs/2024-05-19T04_00_07_063Z-debug-0.log
npm error code ENOENT
npm error syscall open
npm error path /Users/tonper/package.json
npm error errno -2
npm error enoent Could not read package.json: Error: ENOENT: no such file or directory, open '/Users/tonper/package.json'
npm error enoent This is related to npm not being able to find a file.
npm error enoent

npm error A complete log of this run can be found in: /Users/tonper/.npm/_logs/2024-05-19T04_00_07_438Z-debug-0.log
npm error code ENOENT
npm error syscall open
npm error path /Users/tonper/package.json
npm error errno -2
npm error enoent Could not read package.json: Error: ENOENT: no such file or directory, open '/Users/tonper/package.json'
npm error enoent This is related to npm not being able to find a file.
npm error enoent

npm error A complete log of this run can be found in: /Users/tonper/.npm/_logs/2024-05-19T04_00_07_816Z-debug-0.log
npm error code ENOENT
npm error syscall open
npm error path /Users/tonper/package.json
npm error errno -2
npm error enoent Could not read package.json: Error: ENOENT: no such file or directory, open '/Users/tonper/package.json'
npm error enoent This is related to npm not being able to find a file.
npm error enoent

npm error A complete log of this run can be found in: /Users/tonper/.npm/_logs/2024-05-19T04_00_08_199Z-debug-0.log
npm error code ENOENT
npm error syscall open
npm error path /Users/tonper/package.json
npm error errno -2
npm error enoent Could not read package.json: Error: ENOENT: no such file or directory, open '/Users/tonper/package.json'
npm error enoent This is related to npm not being able to find a file.
npm error enoent

npm error A complete log of this run can be found in: /Users/tonper/.npm/_logs/2024-05-19T04_00_08_568Z-debug-0.log
npm error code ENOENT
npm error syscall open
npm error path /Users/tonper/package.json
npm error errno -2
npm error enoent Could not read package.json: Error: ENOENT: no such file or directory, open '/Users/tonper/package.json'
npm error enoent This is related to npm not being able to find a file.
npm error enoent

npm error A complete log of this run can be found in: /Users/tonper/.npm/_logs/2024-05-19T04_00_08_942Z-debug-0.log
npm error code ENOENT
npm error syscall open
npm error path /Users/tonper/package.json
npm error errno -2
npm error enoent Could not read package.json: Error: ENOENT: no such file or directory, open '/Users/tonper/package.json'
npm error enoent This is related to npm not being able to find a file.
npm error enoent

npm error A complete log of this run can be found in: /Users/tonper/.npm/_logs/2024-05-19T04_00_09_323Z-debug-0.log
npm error code ENOENT
npm error syscall open
npm error path /Users/tonper/package.json
npm error errno -2
npm error enoent Could not read package.json: Error: ENOENT: no such file or directory, open '/Users/tonper/package.json'
npm error enoent This is related to npm not being able to find a file.
npm error enoent

npm error A complete log of this run can be found in: /Users/tonper/.npm/_logs/2024-05-19T04_00_09_696Z-debug-0.log
npm error code ENOENT
npm error syscall open
npm error path /Users/tonper/package.json
npm error errno -2
npm error enoent Could not read package.json: Error: ENOENT: no such file or directory, open '/Users/tonper/package.json'
npm error enoent This is related to npm not being able to find a file.
npm error enoent

npm error A complete log of this run can be found in: /Users/tonper/.npm/_logs/2024-05-19T04_00_10_071Z-debug-0.log
npm error code ENOENT
npm error syscall open
npm error path /Users/tonper/package.json
npm error errno -2
npm error enoent Could not read package.json: Error: ENOENT: no such file or directory, open '/Users/tonper/package.json'
npm error enoent This is related to npm not being able to find a file.
npm error enoent

npm error A complete log of this run can be found in: /Users/tonper/.npm/_logs/2024-05-19T04_00_10_452Z-debug-0.log
npm error code ENOENT
npm error syscall open
npm error path /Users/tonper/package.json
npm error errno -2
npm error enoent Could not read package.json: Error: ENOENT: no such file or directory, open '/Users/tonper/package.json'
npm error enoent This is related to npm not being able to find a file.
npm error enoent

npm error A complete log of this run can be found in: /Users/tonper/.npm/_logs/2024-05-19T04_00_10_917Z-debug-0.log
npm error code ENOENT
npm error syscall open
npm error path /Users/tonper/package.json
npm error errno -2
npm error enoent Could not read package.json: Error: ENOENT: no such file or directory, open '/Users/tonper/package.json'
npm error enoent This is related to npm not being able to find a file.
npm error enoent

npm error A complete log of this run can be found in: /Users/tonper/.npm/_logs/2024-05-19T04_00_11_387Z-debug-0.log
npm error code ENOENT
npm error syscall open
npm error path /Users/tonper/package.json
npm error errno -2
npm error enoent Could not read package.json: Error: ENOENT: no such file or directory, open '/Users/tonper/package.json'
npm error enoent This is related to npm not being able to find a file.
npm error enoent

npm error A complete log of this run can be found in: /Users/tonper/.npm/_logs/2024-05-19T04_00_11_854Z-debug-0.log
npm error code ENOENT
npm error syscall open
npm error path /Users/tonper/package.json
npm error errno -2
npm error enoent Could not read package.json: Error: ENOENT: no such file or directory, open '/Users/tonper/package.json'
npm error enoent This is related to npm not being able to find a file.
npm error enoent

npm error A complete log of this run can be found in: /Users/tonper/.npm/_logs/2024-05-19T04_00_12_236Z-debug-0.log
npm error code ENOENT
npm error syscall open
npm error path /Users/tonper/package.json
npm error errno -2
npm error enoent Could not read package.json: Error: ENOENT: no such file or directory, open '/Users/tonper/package.json'
npm error enoent This is related to npm not being able to find a file.
npm error enoent

npm error A complete log of this run can be found in: /Users/tonper/.npm/_logs/2024-05-19T04_00_12_759Z-debug-0.log
npm error code ENOENT
npm error syscall open
npm error path /Users/tonper/package.json
npm error errno -2
npm error enoent Could not read package.json: Error: ENOENT: no such file or directory, open '/Users/tonper/package.json'
npm error enoent This is related to npm not being able to find a file.
npm error enoent

npm error A complete log of this run can be found in: /Users/tonper/.npm/_logs/2024-05-19T04_00_13_137Z-debug-0.log
npm error code ENOENT
npm error syscall open
npm error path /Users/tonper/package.json
npm error errno -2
npm error enoent Could not read package.json: Error: ENOENT: no such file or directory, open '/Users/tonper/package.json'
npm error enoent This is related to npm not being able to find a file.
npm error enoent

npm error A complete log of this run can be found in: /Users/tonper/.npm/_logs/2024-05-19T04_00_13_516Z-debug-0.log
npm error code ENOENT
npm error syscall open
npm error path /Users/tonper/package.json
npm error errno -2
npm error enoent Could not read package.json: Error: ENOENT: no such file or directory, open '/Users/tonper/package.json'
npm error enoent This is related to npm not being able to find a file.
npm error enoent

npm error A complete log of this run can be found in: /Users/tonper/.npm/_logs/2024-05-19T04_00_13_884Z-debug-0.log
npm error code ENOENT
npm error syscall open
npm error path /Users/tonper/package.json
npm error errno -2
npm error enoent Could not read package.json: Error: ENOENT: no such file or directory, open '/Users/tonper/package.json'
npm error enoent This is related to npm not being able to find a file.
npm error enoent

npm error A complete log of this run can be found in: /Users/tonper/.npm/_logs/2024-05-19T04_00_14_261Z-debug-0.log
npm error code ENOENT
npm error syscall open
npm error path /Users/tonper/package.json
npm error errno -2
npm error enoent Could not read package.json: Error: ENOENT: no such file or directory, open '/Users/tonper/package.json'
npm error enoent This is related to npm not being able to find a file.
npm error enoent

npm error A complete log of this run can be found in: /Users/tonper/.npm/_logs/2024-05-19T04_00_14_640Z-debug-0.log
npm error code ENOENT
npm error syscall open
npm error path /Users/tonper/package.json
npm error errno -2
npm error enoent Could not read package.json: Error: ENOENT: no such file or directory, open '/Users/tonper/package.json'
npm error enoent This is related to npm not being able to find a file.
npm error enoent

npm error A complete log of this run can be found in: /Users/tonper/.npm/_logs/2024-05-19T04_00_15_010Z-debug-0.log
npm error code ENOENT
npm error syscall open
npm error path /Users/tonper/package.json
npm error errno -2
npm error enoent Could not read package.json: Error: ENOENT: no such file or directory, open '/Users/tonper/package.json'
npm error enoent This is related to npm not being able to find a file.
npm error enoent

npm error A complete log of this run can be found in: /Users/tonper/.npm/_logs/2024-05-19T04_00_15_376Z-debug-0.log
npm error code ENOENT
npm error syscall open
npm error path /Users/tonper/package.json
npm error errno -2
npm error enoent Could not read package.json: Error: ENOENT: no such file or directory, open '/Users/tonper/package.json'
npm error enoent This is related to npm not being able to find a file.
npm error enoent

npm error A complete log of this run can be found in: /Users/tonper/.npm/_logs/2024-05-19T04_00_15_756Z-debug-0.log
npm error code ENOENT
npm error syscall open
npm error path /Users/tonper/package.json
npm error errno -2
npm error enoent Could not read package.json: Error: ENOENT: no such file or directory, open '/Users/tonper/package.json'
npm error enoent This is related to npm not being able to find a file.
npm error enoent

npm error A complete log of this run can be found in: /Users/tonper/.npm/_logs/2024-05-19T04_00_16_128Z-debug-0.log
npm error code ENOENT
npm error syscall open
npm error path /Users/tonper/package.json
npm error errno -2
npm error enoent Could not read package.json: Error: ENOENT: no such file or directory, open '/Users/tonper/package.json'
npm error enoent This is related to npm not being able to find a file.
npm error enoent

npm error A complete log of this run can be found in: /Users/tonper/.npm/_logs/2024-05-19T04_00_16_507Z-debug-0.log
npm error code ENOENT
npm error syscall open
npm error path /Users/tonper/package.json
npm error errno -2
npm error enoent Could not read package.json: Error: ENOENT: no such file or directory, open '/Users/tonper/package.json'
npm error enoent This is related to npm not being able to find a file.
npm error enoent

npm error A complete log of this run can be found in: /Users/tonper/.npm/_logs/2024-05-19T04_00_16_887Z-debug-0.log
npm error code ENOENT
npm error syscall open
npm error path /Users/tonper/package.json
npm error errno -2
npm error enoent Could not read package.json: Error: ENOENT: no such file or directory, open '/Users/tonper/package.json'
npm error enoent This is related to npm not being able to find a file.
npm error enoent

npm error A complete log of this run can be found in: /Users/tonper/.npm/_logs/2024-05-19T04_00_17_264Z-debug-0.log
npm error code ENOENT
npm error syscall open
npm error path /Users/tonper/package.json
npm error errno -2
npm error enoent Could not read package.json: Error: ENOENT: no such file or directory, open '/Users/tonper/package.json'
npm error enoent This is related to npm not being able to find a file.
npm error enoent

npm error A complete log of this run can be found in: /Users/tonper/.npm/_logs/2024-05-19T04_00_17_638Z-debug-0.log
npm error code ENOENT
npm error syscall open
npm error path /Users/tonper/package.json
npm error errno -2
npm error enoent Could not read package.json: Error: ENOENT: no such file or directory, open '/Users/tonper/package.json'
npm error enoent This is related to npm not being able to find a file.
npm error enoent

npm error A complete log of this run can be found in: /Users/tonper/.npm/_logs/2024-05-19T04_00_18_013Z-debug-0.log
npm error code ENOENT
npm error syscall open
npm error path /Users/tonper/package.json
npm error errno -2
npm error enoent Could not read package.json: Error: ENOENT: no such file or directory, open '/Users/tonper/package.json'
npm error enoent This is related to npm not being able to find a file.
npm error enoent

npm error A complete log of this run can be found in: /Users/tonper/.npm/_logs/2024-05-19T04_00_18_392Z-debug-0.log
npm error code ENOENT
npm error syscall open
npm error path /Users/tonper/package.json
npm error errno -2
npm error enoent Could not read package.json: Error: ENOENT: no such file or directory, open '/Users/tonper/package.json'
npm error enoent This is related to npm not being able to find a file.
npm error enoent

npm error A complete log of this run can be found in: /Users/tonper/.npm/_logs/2024-05-19T04_00_18_774Z-debug-0.log
TERM environment variable not set.
npm error code ENOENT
npm error syscall open
npm error path /Users/tonper/package.json
npm error errno -2
npm error enoent Could not read package.json: Error: ENOENT: no such file or directory, open '/Users/tonper/package.json'
npm error enoent This is related to npm not being able to find a file.
npm error enoent

npm error A complete log of this run can be found in: /Users/tonper/.npm/_logs/2024-05-20T04_00_02_316Z-debug-0.log
npm error code ENOENT
npm error syscall open
npm error path /Users/tonper/package.json
npm error errno -2
npm error enoent Could not read package.json: Error: ENOENT: no such file or directory, open '/Users/tonper/package.json'
npm error enoent This is related to npm not being able to find a file.
npm error enoent

npm error A complete log of this run can be found in: /Users/tonper/.npm/_logs/2024-05-20T04_00_02_793Z-debug-0.log
npm error code ENOENT
npm error syscall open
npm error path /Users/tonper/package.json
npm error errno -2
npm error enoent Could not read package.json: Error: ENOENT: no such file or directory, open '/Users/tonper/package.json'
npm error enoent This is related to npm not being able to find a file.
npm error enoent

npm error A complete log of this run can be found in: /Users/tonper/.npm/_logs/2024-05-20T04_00_03_240Z-debug-0.log
npm error code ENOENT
npm error syscall open
npm error path /Users/tonper/package.json
npm error errno -2
npm error enoent Could not read package.json: Error: ENOENT: no such file or directory, open '/Users/tonper/package.json'
npm error enoent This is related to npm not being able to find a file.
npm error enoent

npm error A complete log of this run can be found in: /Users/tonper/.npm/_logs/2024-05-20T04_00_03_688Z-debug-0.log
npm error code ENOENT
npm error syscall open
npm error path /Users/tonper/package.json
npm error errno -2
npm error enoent Could not read package.json: Error: ENOENT: no such file or directory, open '/Users/tonper/package.json'
npm error enoent This is related to npm not being able to find a file.
npm error enoent

npm error A complete log of this run can be found in: /Users/tonper/.npm/_logs/2024-05-20T04_00_04_124Z-debug-0.log
npm error code ENOENT
npm error syscall open
npm error path /Users/tonper/package.json
npm error errno -2
npm error enoent Could not read package.json: Error: ENOENT: no such file or directory, open '/Users/tonper/package.json'
npm error enoent This is related to npm not being able to find a file.
npm error enoent

npm error A complete log of this run can be found in: /Users/tonper/.npm/_logs/2024-05-20T04_00_04_583Z-debug-0.log
npm error code ENOENT
npm error syscall open
npm error path /Users/tonper/package.json
npm error errno -2
npm error enoent Could not read package.json: Error: ENOENT: no such file or directory, open '/Users/tonper/package.json'
npm error enoent This is related to npm not being able to find a file.
npm error enoent

npm error A complete log of this run can be found in: /Users/tonper/.npm/_logs/2024-05-20T04_00_05_018Z-debug-0.log
npm error code ENOENT
npm error syscall open
npm error path /Users/tonper/package.json
npm error errno -2
npm error enoent Could not read package.json: Error: ENOENT: no such file or directory, open '/Users/tonper/package.json'
npm error enoent This is related to npm not being able to find a file.
npm error enoent

npm error A complete log of this run can be found in: /Users/tonper/.npm/_logs/2024-05-20T04_00_05_464Z-debug-0.log
npm error code ENOENT
npm error syscall open
npm error path /Users/tonper/package.json
npm error errno -2
npm error enoent Could not read package.json: Error: ENOENT: no such file or directory, open '/Users/tonper/package.json'
npm error enoent This is related to npm not being able to find a file.
npm error enoent

npm error A complete log of this run can be found in: /Users/tonper/.npm/_logs/2024-05-20T04_00_06_019Z-debug-0.log
npm error code ENOENT
npm error syscall open
npm error path /Users/tonper/package.json
npm error errno -2
npm error enoent Could not read package.json: Error: ENOENT: no such file or directory, open '/Users/tonper/package.json'
npm error enoent This is related to npm not being able to find a file.
npm error enoent

npm error A complete log of this run can be found in: /Users/tonper/.npm/_logs/2024-05-20T04_00_06_506Z-debug-0.log
npm error code ENOENT
npm error syscall open
npm error path /Users/tonper/package.json
npm error errno -2
npm error enoent Could not read package.json: Error: ENOENT: no such file or directory, open '/Users/tonper/package.json'
npm error enoent This is related to npm not being able to find a file.
npm error enoent

npm error A complete log of this run can be found in: /Users/tonper/.npm/_logs/2024-05-20T04_00_06_975Z-debug-0.log
npm error code ENOENT
npm error syscall open
npm error path /Users/tonper/package.json
npm error errno -2
npm error enoent Could not read package.json: Error: ENOENT: no such file or directory, open '/Users/tonper/package.json'
npm error enoent This is related to npm not being able to find a file.
npm error enoent

npm error A complete log of this run can be found in: /Users/tonper/.npm/_logs/2024-05-20T04_00_07_414Z-debug-0.log
npm error code ENOENT
npm error syscall open
npm error path /Users/tonper/package.json
npm error errno -2
npm error enoent Could not read package.json: Error: ENOENT: no such file or directory, open '/Users/tonper/package.json'
npm error enoent This is related to npm not being able to find a file.
npm error enoent

npm error A complete log of this run can be found in: /Users/tonper/.npm/_logs/2024-05-20T04_00_07_864Z-debug-0.log
npm error code ENOENT
npm error syscall open
npm error path /Users/tonper/package.json
npm error errno -2
npm error enoent Could not read package.json: Error: ENOENT: no such file or directory, open '/Users/tonper/package.json'
npm error enoent This is related to npm not being able to find a file.
npm error enoent

npm error A complete log of this run can be found in: /Users/tonper/.npm/_logs/2024-05-20T04_00_08_284Z-debug-0.log
npm error code ENOENT
npm error syscall open
npm error path /Users/tonper/package.json
npm error errno -2
npm error enoent Could not read package.json: Error: ENOENT: no such file or directory, open '/Users/tonper/package.json'
npm error enoent This is related to npm not being able to find a file.
npm error enoent

npm error A complete log of this run can be found in: /Users/tonper/.npm/_logs/2024-05-20T04_00_08_712Z-debug-0.log
npm error code ENOENT
npm error syscall open
npm error path /Users/tonper/package.json
npm error errno -2
npm error enoent Could not read package.json: Error: ENOENT: no such file or directory, open '/Users/tonper/package.json'
npm error enoent This is related to npm not being able to find a file.
npm error enoent

npm error A complete log of this run can be found in: /Users/tonper/.npm/_logs/2024-05-20T04_00_09_138Z-debug-0.log
npm error code ENOENT
npm error syscall open
npm error path /Users/tonper/package.json
npm error errno -2
npm error enoent Could not read package.json: Error: ENOENT: no such file or directory, open '/Users/tonper/package.json'
npm error enoent This is related to npm not being able to find a file.
npm error enoent

npm error A complete log of this run can be found in: /Users/tonper/.npm/_logs/2024-05-20T04_00_09_588Z-debug-0.log
npm error code ENOENT
npm error syscall open
npm error path /Users/tonper/package.json
npm error errno -2
npm error enoent Could not read package.json: Error: ENOENT: no such file or directory, open '/Users/tonper/package.json'
npm error enoent This is related to npm not being able to find a file.
npm error enoent

npm error A complete log of this run can be found in: /Users/tonper/.npm/_logs/2024-05-20T04_00_10_032Z-debug-0.log
npm error code ENOENT
npm error syscall open
npm error path /Users/tonper/package.json
npm error errno -2
npm error enoent Could not read package.json: Error: ENOENT: no such file or directory, open '/Users/tonper/package.json'
npm error enoent This is related to npm not being able to find a file.
npm error enoent

npm error A complete log of this run can be found in: /Users/tonper/.npm/_logs/2024-05-20T04_00_10_488Z-debug-0.log
npm error code ENOENT
npm error syscall open
npm error path /Users/tonper/package.json
npm error errno -2
npm error enoent Could not read package.json: Error: ENOENT: no such file or directory, open '/Users/tonper/package.json'
npm error enoent This is related to npm not being able to find a file.
npm error enoent

npm error A complete log of this run can be found in: /Users/tonper/.npm/_logs/2024-05-20T04_00_10_941Z-debug-0.log
npm error code ENOENT
npm error syscall open
npm error path /Users/tonper/package.json
npm error errno -2
npm error enoent Could not read package.json: Error: ENOENT: no such file or directory, open '/Users/tonper/package.json'
npm error enoent This is related to npm not being able to find a file.
npm error enoent

npm error A complete log of this run can be found in: /Users/tonper/.npm/_logs/2024-05-20T04_00_11_380Z-debug-0.log
npm error code ENOENT
npm error syscall open
npm error path /Users/tonper/package.json
npm error errno -2
npm error enoent Could not read package.json: Error: ENOENT: no such file or directory, open '/Users/tonper/package.json'
npm error enoent This is related to npm not being able to find a file.
npm error enoent

npm error A complete log of this run can be found in: /Users/tonper/.npm/_logs/2024-05-20T04_00_11_799Z-debug-0.log
npm error code ENOENT
npm error syscall open
npm error path /Users/tonper/package.json
npm error errno -2
npm error enoent Could not read package.json: Error: ENOENT: no such file or directory, open '/Users/tonper/package.json'
npm error enoent This is related to npm not being able to find a file.
npm error enoent

npm error A complete log of this run can be found in: /Users/tonper/.npm/_logs/2024-05-20T04_00_12_234Z-debug-0.log
npm error code ENOENT
npm error syscall open
npm error path /Users/tonper/package.json
npm error errno -2
npm error enoent Could not read package.json: Error: ENOENT: no such file or directory, open '/Users/tonper/package.json'
npm error enoent This is related to npm not being able to find a file.
npm error enoent

npm error A complete log of this run can be found in: /Users/tonper/.npm/_logs/2024-05-20T04_00_12_660Z-debug-0.log
npm error code ENOENT
npm error syscall open
npm error path /Users/tonper/package.json
npm error errno -2
npm error enoent Could not read package.json: Error: ENOENT: no such file or directory, open '/Users/tonper/package.json'
npm error enoent This is related to npm not being able to find a file.
npm error enoent

npm error A complete log of this run can be found in: /Users/tonper/.npm/_logs/2024-05-20T04_00_13_089Z-debug-0.log
npm error code ENOENT
npm error syscall open
npm error path /Users/tonper/package.json
npm error errno -2
npm error enoent Could not read package.json: Error: ENOENT: no such file or directory, open '/Users/tonper/package.json'
npm error enoent This is related to npm not being able to find a file.
npm error enoent

npm error A complete log of this run can be found in: /Users/tonper/.npm/_logs/2024-05-20T04_00_13_777Z-debug-0.log
npm error code ENOENT
npm error syscall open
npm error path /Users/tonper/package.json
npm error errno -2
npm error enoent Could not read package.json: Error: ENOENT: no such file or directory, open '/Users/tonper/package.json'
npm error enoent This is related to npm not being able to find a file.
npm error enoent

npm error A complete log of this run can be found in: /Users/tonper/.npm/_logs/2024-05-20T04_00_14_463Z-debug-0.log
npm error code ENOENT
npm error syscall open
npm error path /Users/tonper/package.json
npm error errno -2
npm error enoent Could not read package.json: Error: ENOENT: no such file or directory, open '/Users/tonper/package.json'
npm error enoent This is related to npm not being able to find a file.
npm error enoent

npm error A complete log of this run can be found in: /Users/tonper/.npm/_logs/2024-05-20T04_00_15_135Z-debug-0.log
npm error code ENOENT
npm error syscall open
npm error path /Users/tonper/package.json
npm error errno -2
npm error enoent Could not read package.json: Error: ENOENT: no such file or directory, open '/Users/tonper/package.json'
npm error enoent This is related to npm not being able to find a file.
npm error enoent

npm error A complete log of this run can be found in: /Users/tonper/.npm/_logs/2024-05-20T04_00_15_826Z-debug-0.log
npm error code ENOENT
npm error syscall open
npm error path /Users/tonper/package.json
npm error errno -2
npm error enoent Could not read package.json: Error: ENOENT: no such file or directory, open '/Users/tonper/package.json'
npm error enoent This is related to npm not being able to find a file.
npm error enoent

npm error A complete log of this run can be found in: /Users/tonper/.npm/_logs/2024-05-20T04_00_16_379Z-debug-0.log
npm error code ENOENT
npm error syscall open
npm error path /Users/tonper/package.json
npm error errno -2
npm error enoent Could not read package.json: Error: ENOENT: no such file or directory, open '/Users/tonper/package.json'
npm error enoent This is related to npm not being able to find a file.
npm error enoent

npm error A complete log of this run can be found in: /Users/tonper/.npm/_logs/2024-05-20T04_00_16_895Z-debug-0.log
npm error code ENOENT
npm error syscall open
npm error path /Users/tonper/package.json
npm error errno -2
npm error enoent Could not read package.json: Error: ENOENT: no such file or directory, open '/Users/tonper/package.json'
npm error enoent This is related to npm not being able to find a file.
npm error enoent

npm error A complete log of this run can be found in: /Users/tonper/.npm/_logs/2024-05-20T04_00_17_362Z-debug-0.log
npm error code ENOENT
npm error syscall open
npm error path /Users/tonper/package.json
npm error errno -2
npm error enoent Could not read package.json: Error: ENOENT: no such file or directory, open '/Users/tonper/package.json'
npm error enoent This is related to npm not being able to find a file.
npm error enoent

npm error A complete log of this run can be found in: /Users/tonper/.npm/_logs/2024-05-20T04_00_17_797Z-debug-0.log
npm error code ENOENT
npm error syscall open
npm error path /Users/tonper/package.json
npm error errno -2
npm error enoent Could not read package.json: Error: ENOENT: no such file or directory, open '/Users/tonper/package.json'
npm error enoent This is related to npm not being able to find a file.
npm error enoent

npm error A complete log of this run can be found in: /Users/tonper/.npm/_logs/2024-05-20T04_00_18_220Z-debug-0.log
npm error code ENOENT
npm error syscall open
npm error path /Users/tonper/package.json
npm error errno -2
npm error enoent Could not read package.json: Error: ENOENT: no such file or directory, open '/Users/tonper/package.json'
npm error enoent This is related to npm not being able to find a file.
npm error enoent

npm error A complete log of this run can be found in: /Users/tonper/.npm/_logs/2024-05-20T04_00_18_657Z-debug-0.log
npm error code ENOENT
npm error syscall open
npm error path /Users/tonper/package.json
npm error errno -2
npm error enoent Could not read package.json: Error: ENOENT: no such file or directory, open '/Users/tonper/package.json'
npm error enoent This is related to npm not being able to find a file.
npm error enoent

npm error A complete log of this run can be found in: /Users/tonper/.npm/_logs/2024-05-20T04_00_19_076Z-debug-0.log
npm error code ENOENT
npm error syscall open
npm error path /Users/tonper/package.json
npm error errno -2
npm error enoent Could not read package.json: Error: ENOENT: no such file or directory, open '/Users/tonper/package.json'
npm error enoent This is related to npm not being able to find a file.
npm error enoent

npm error A complete log of this run can be found in: /Users/tonper/.npm/_logs/2024-05-20T04_00_19_489Z-debug-0.log
npm error code ENOENT
npm error syscall open
npm error path /Users/tonper/package.json
npm error errno -2
npm error enoent Could not read package.json: Error: ENOENT: no such file or directory, open '/Users/tonper/package.json'
npm error enoent This is related to npm not being able to find a file.
npm error enoent

npm error A complete log of this run can be found in: /Users/tonper/.npm/_logs/2024-05-20T04_00_19_910Z-debug-0.log
npm error code ENOENT
npm error syscall open
npm error path /Users/tonper/package.json
npm error errno -2
npm error enoent Could not read package.json: Error: ENOENT: no such file or directory, open '/Users/tonper/package.json'
npm error enoent This is related to npm not being able to find a file.
npm error enoent

npm error A complete log of this run can be found in: /Users/tonper/.npm/_logs/2024-05-20T04_00_20_318Z-debug-0.log
npm error code ENOENT
npm error syscall open
npm error path /Users/tonper/package.json
npm error errno -2
npm error enoent Could not read package.json: Error: ENOENT: no such file or directory, open '/Users/tonper/package.json'
npm error enoent This is related to npm not being able to find a file.
npm error enoent

npm error A complete log of this run can be found in: /Users/tonper/.npm/_logs/2024-05-20T04_00_20_739Z-debug-0.log
npm error code ENOENT
npm error syscall open
npm error path /Users/tonper/package.json
npm error errno -2
npm error enoent Could not read package.json: Error: ENOENT: no such file or directory, open '/Users/tonper/package.json'
npm error enoent This is related to npm not being able to find a file.
npm error enoent

npm error A complete log of this run can be found in: /Users/tonper/.npm/_logs/2024-05-20T04_00_21_159Z-debug-0.log
npm error code ENOENT
npm error syscall open
npm error path /Users/tonper/package.json
npm error errno -2
npm error enoent Could not read package.json: Error: ENOENT: no such file or directory, open '/Users/tonper/package.json'
npm error enoent This is related to npm not being able to find a file.
npm error enoent

npm error A complete log of this run can be found in: /Users/tonper/.npm/_logs/2024-05-20T04_00_21_580Z-debug-0.log
npm error code ENOENT
npm error syscall open
npm error path /Users/tonper/package.json
npm error errno -2
npm error enoent Could not read package.json: Error: ENOENT: no such file or directory, open '/Users/tonper/package.json'
npm error enoent This is related to npm not being able to find a file.
npm error enoent

npm error A complete log of this run can be found in: /Users/tonper/.npm/_logs/2024-05-20T04_00_22_001Z-debug-0.log
npm error code ENOENT
npm error syscall open
npm error path /Users/tonper/package.json
npm error errno -2
npm error enoent Could not read package.json: Error: ENOENT: no such file or directory, open '/Users/tonper/package.json'
npm error enoent This is related to npm not being able to find a file.
npm error enoent

npm error A complete log of this run can be found in: /Users/tonper/.npm/_logs/2024-05-20T04_00_22_449Z-debug-0.log
npm error code ENOENT
npm error syscall open
npm error path /Users/tonper/package.json
npm error errno -2
npm error enoent Could not read package.json: Error: ENOENT: no such file or directory, open '/Users/tonper/package.json'
npm error enoent This is related to npm not being able to find a file.
npm error enoent

npm error A complete log of this run can be found in: /Users/tonper/.npm/_logs/2024-05-20T04_00_22_928Z-debug-0.log
